<?xml version="1.0" encoding="UTF-8"?>
<testng-results ignored="0" total="2" passed="2" failed="0" skipped="0">
  <reporter-output>
  </reporter-output>
  <suite started-at="2024-06-05T16:52:42 IST" name="Default suite" finished-at="2024-06-05T16:53:16 IST" duration-ms="33711">
    <groups>
      <group name="cucumber">
        <method signature="AbstractTestNGCucumberTests.runScenario(io.cucumber.testng.PickleWrapper,io.cucumber.testng.FeatureWrapper)[pri:0, instance:com.ust.AssesmentSelenium.testRunner.TestRunner@4a003cbe]" name="runScenario" class="io.cucumber.testng.AbstractTestNGCucumberTests"/>
      </group> <!-- cucumber -->
    </groups>
    <test started-at="2024-06-05T16:52:42 IST" name="Default test" finished-at="2024-06-05T16:53:16 IST" duration-ms="33711">
      <class name="com.ust.AssesmentSelenium.testRunner.TestRunner">
        <test-method is-config="true" signature="setUpClass(org.testng.ITestContext)[pri:0, instance:com.ust.AssesmentSelenium.testRunner.TestRunner@4a003cbe]" started-at="2024-06-05T16:52:42 IST" name="setUpClass" finished-at="2024-06-05T16:52:43 IST" duration-ms="1105" status="PASS">
          <params>
            <param index="0">
              <value>
                <![CDATA[org.testng.TestRunner@f9b8129]]>
              </value>
            </param>
          </params>
          <reporter-output>
          </reporter-output>
        </test-method> <!-- setUpClass -->
        <test-method signature="runScenario(io.cucumber.testng.PickleWrapper,io.cucumber.testng.FeatureWrapper)[pri:0, instance:com.ust.AssesmentSelenium.testRunner.TestRunner@4a003cbe]" started-at="2024-06-05T16:52:43 IST" name="runScenario" description="Runs Cucumber Scenarios" data-provider="scenarios" finished-at="2024-06-05T16:53:01 IST" duration-ms="17238" status="PASS">
          <params>
            <param index="0">
              <value>
                <![CDATA["Login with InvalidData"]]>
              </value>
            </param>
            <param index="1">
              <value>
                <![CDATA["Login"]]>
              </value>
            </param>
          </params>
          <reporter-output>
          </reporter-output>
        </test-method> <!-- runScenario -->
        <test-method signature="runScenario(io.cucumber.testng.PickleWrapper,io.cucumber.testng.FeatureWrapper)[pri:0, instance:com.ust.AssesmentSelenium.testRunner.TestRunner@4a003cbe]" started-at="2024-06-05T16:53:01 IST" name="runScenario" description="Runs Cucumber Scenarios" data-provider="scenarios" finished-at="2024-06-05T16:53:14 IST" duration-ms="12875" status="PASS">
          <params>
            <param index="0">
              <value>
                <![CDATA["Login with InvalidData"]]>
              </value>
            </param>
            <param index="1">
              <value>
                <![CDATA["Login"]]>
              </value>
            </param>
          </params>
          <reporter-output>
          </reporter-output>
        </test-method> <!-- runScenario -->
        <test-method is-config="true" signature="tearDownClass()[pri:0, instance:com.ust.AssesmentSelenium.testRunner.TestRunner@4a003cbe]" started-at="2024-06-05T16:53:14 IST" name="tearDownClass" finished-at="2024-06-05T16:53:16 IST" duration-ms="2444" status="PASS">
          <reporter-output>
          </reporter-output>
        </test-method> <!-- tearDownClass -->
      </class> <!-- com.ust.AssesmentSelenium.testRunner.TestRunner -->
    </test> <!-- Default test -->
  </suite> <!-- Default suite -->
</testng-results>
